<?xml version="1.0" encoding="UTF-8" ?>
<testsuite errors="0" failures="0" name="async.wsdl_hello_lit.client testHelloAsyncCallback_bsh" tests="1" time="0.056">
  <properties></properties>
  <testcase name="async.wsdl_hello_lit.client testHelloAsyncCallback_bsh" time="0.056"></testcase>
  <system-out><![CDATA[injected services: hello_Service
injected ports: helloPort
injected addresses: helloPortAddress
Hello_PortType_Impl received: foo, bar
Callback Handler Completed-Test pass

Waiting for CallbackHandler to complete...]]></system-out>
  <system-err><![CDATA[]]></system-err>
</testsuite>
